{"C:\\Users\\Softgran S145\\Desktop\\ANDRE\\calculadora.js": {"path":"C:\\Users\\Softgran S145\\Desktop\\ANDRE\\calculadora.js","statementMap":{"0":{"start":{"line":3,"column":4},"end":{"line":3,"column":23}},"1":{"start":{"line":8,"column":4},"end":{"line":8,"column":23}},"2":{"start":{"line":13,"column":4},"end":{"line":13,"column":23}},"3":{"start":{"line":18,"column":4},"end":{"line":20,"column":5}},"4":{"start":{"line":19,"column":8},"end":{"line":19,"column":41}},"5":{"start":{"line":21,"column":4},"end":{"line":21,"column":23}},"6":{"start":{"line":24,"column":0},"end":{"line":24,"column":61}}},"fnMap":{"0":{"name":"adicao","decl":{"start":{"line":2,"column":9},"end":{"line":2,"column":15}},"loc":{"start":{"line":2,"column":28},"end":{"line":4,"column":1}},"line":2},"1":{"name":"subtracao","decl":{"start":{"line":7,"column":9},"end":{"line":7,"column":18}},"loc":{"start":{"line":7,"column":31},"end":{"line":9,"column":1}},"line":7},"2":{"name":"multiplicacao","decl":{"start":{"line":12,"column":9},"end":{"line":12,"column":22}},"loc":{"start":{"line":12,"column":35},"end":{"line":14,"column":1}},"line":12},"3":{"name":"divisao","decl":{"start":{"line":17,"column":9},"end":{"line":17,"column":16}},"loc":{"start":{"line":17,"column":29},"end":{"line":22,"column":1}},"line":17}},"branchMap":{"0":{"loc":{"start":{"line":18,"column":4},"end":{"line":20,"column":5}},"type":"if","locations":[{"start":{"line":18,"column":4},"end":{"line":20,"column":5}},{"start":{},"end":{}}],"line":18}},"s":{"0":1,"1":1,"2":1,"3":1,"4":0,"5":1,"6":1},"f":{"0":1,"1":1,"2":1,"3":1},"b":{"0":[0,1]},"_coverageSchema":"1a1c01bbd47fc00a2c39e90264f33305004495a9","hash":"beb2f4c2985556bd913c0bd7bac671fa7fa1a58b"}
,"C:\\Users\\Softgran S145\\Desktop\\ANDRE\\palindromo.js": {"path":"C:\\Users\\Softgran S145\\Desktop\\ANDRE\\palindromo.js","statementMap":{"0":{"start":{"line":3,"column":4},"end":{"line":3,"column":53}},"1":{"start":{"line":5,"column":4},"end":{"line":5,"column":58}},"2":{"start":{"line":8,"column":2},"end":{"line":8,"column":38}}},"fnMap":{"0":{"name":"verificaPalindromo","decl":{"start":{"line":1,"column":9},"end":{"line":1,"column":27}},"loc":{"start":{"line":1,"column":36},"end":{"line":6,"column":3}},"line":1}},"branchMap":{},"s":{"0":1,"1":1,"2":1},"f":{"0":1},"b":{},"_coverageSchema":"1a1c01bbd47fc00a2c39e90264f33305004495a9","hash":"bd91c508378b29e1e131137bfd83bb37d55b718d"}
,"C:\\Users\\Softgran S145\\Desktop\\ANDRE\\temperatura.js": {"path":"C:\\Users\\Softgran S145\\Desktop\\ANDRE\\temperatura.js","statementMap":{"0":{"start":{"line":2,"column":21},"end":{"line":2,"column":41}},"1":{"start":{"line":3,"column":4},"end":{"line":3,"column":22}},"2":{"start":{"line":6,"column":2},"end":{"line":6,"column":41}}},"fnMap":{"0":{"name":"celsiusParaFahrenheit","decl":{"start":{"line":1,"column":9},"end":{"line":1,"column":30}},"loc":{"start":{"line":1,"column":40},"end":{"line":4,"column":3}},"line":1}},"branchMap":{},"s":{"0":1,"1":1,"2":1},"f":{"0":1},"b":{},"_coverageSchema":"1a1c01bbd47fc00a2c39e90264f33305004495a9","hash":"ca04197010086cf840b76a5d64852665b7d1141b"}
}
