TN:
SF:calculadora.js
FN:2,adicao
FN:7,subtracao
FN:12,multiplicacao
FN:17,divisao
FNF:4
FNH:4
FNDA:1,adicao
FNDA:1,subtracao
FNDA:1,multiplicacao
FNDA:1,divisao
DA:3,1
DA:8,1
DA:13,1
DA:18,1
DA:19,0
DA:21,1
DA:24,1
LF:7
LH:6
BRDA:18,0,0,0
BRDA:18,0,1,1
BRF:2
BRH:1
end_of_record
TN:
SF:palindromo.js
FN:1,verificaPalindromo
FNF:1
FNH:1
FNDA:1,verificaPalindromo
DA:3,1
DA:5,1
DA:8,1
LF:3
LH:3
BRF:0
BRH:0
end_of_record
TN:
SF:temperatura.js
FN:1,celsiusParaFahrenheit
FNF:1
FNH:1
FNDA:1,celsiusParaFahrenheit
DA:2,1
DA:3,1
DA:6,1
LF:3
LH:3
BRF:0
BRH:0
end_of_record
